<?xml version="1.0" encoding="UTF-8"?>
<testng-results skipped="0" failed="0" total="9" passed="9">
  <reporter-output>
  </reporter-output>
  <suite name="Sanity Suite" duration-ms="769" started-at="2019-09-24T13:29:55Z" finished-at="2019-09-24T13:29:56Z">
    <groups>
      <group name="cucumber">
        <method signature="AbstractTestNGCucumberTests.runScenario(cucumber.api.testng.PickleEventWrapper, cucumber.api.testng.CucumberFeatureWrapper)[pri:0, instance:runners.TestRunner@6574b225]" name="runScenario" class="cucumber.api.testng.AbstractTestNGCucumberTests"/>
      </group> <!-- cucumber -->
    </groups>
    <test name="Test" duration-ms="769" started-at="2019-09-24T13:29:55Z" finished-at="2019-09-24T13:29:56Z">
      <class name="runners.TestRunner">
        <test-method status="PASS" signature="setUpClass()[pri:0, instance:runners.TestRunner@6574b225]" name="setUpClass" is-config="true" duration-ms="175" started-at="2019-09-24T15:29:55Z" finished-at="2019-09-24T15:29:55Z">
          <reporter-output>
          </reporter-output>
        </test-method> <!-- setUpClass -->
        <test-method status="PASS" signature="runScenario(cucumber.api.testng.PickleEventWrapper, cucumber.api.testng.CucumberFeatureWrapper)[pri:0, instance:runners.TestRunner@6574b225]" name="runScenario" duration-ms="266" started-at="2019-09-24T15:29:55Z" description="Runs Cucumber Scenarios" data-provider="scenarios" finished-at="2019-09-24T15:29:55Z">
          <params>
            <param index="0">
              <value>
                <![CDATA["Addition of Two numbers"]]>
              </value>
            </param>
            <param index="1">
              <value>
                <![CDATA["Arithmetic Operations"]]>
              </value>
            </param>
          </params>
          <reporter-output>
          </reporter-output>
        </test-method> <!-- runScenario -->
        <test-method status="PASS" signature="runScenario(cucumber.api.testng.PickleEventWrapper, cucumber.api.testng.CucumberFeatureWrapper)[pri:0, instance:runners.TestRunner@6574b225]" name="runScenario" duration-ms="1" started-at="2019-09-24T15:29:55Z" description="Runs Cucumber Scenarios" data-provider="scenarios" finished-at="2019-09-24T15:29:55Z">
          <params>
            <param index="0">
              <value>
                <![CDATA["Addition of Two numbers"]]>
              </value>
            </param>
            <param index="1">
              <value>
                <![CDATA["Arithmetic Operations"]]>
              </value>
            </param>
          </params>
          <reporter-output>
          </reporter-output>
        </test-method> <!-- runScenario -->
        <test-method status="PASS" signature="runScenario(cucumber.api.testng.PickleEventWrapper, cucumber.api.testng.CucumberFeatureWrapper)[pri:0, instance:runners.TestRunner@6574b225]" name="runScenario" duration-ms="1" started-at="2019-09-24T15:29:55Z" description="Runs Cucumber Scenarios" data-provider="scenarios" finished-at="2019-09-24T15:29:55Z">
          <params>
            <param index="0">
              <value>
                <![CDATA["Addition of Two numbers"]]>
              </value>
            </param>
            <param index="1">
              <value>
                <![CDATA["Arithmetic Operations"]]>
              </value>
            </param>
          </params>
          <reporter-output>
          </reporter-output>
        </test-method> <!-- runScenario -->
        <test-method status="PASS" signature="runScenario(cucumber.api.testng.PickleEventWrapper, cucumber.api.testng.CucumberFeatureWrapper)[pri:0, instance:runners.TestRunner@6574b225]" name="runScenario" duration-ms="1" started-at="2019-09-24T15:29:55Z" description="Runs Cucumber Scenarios" data-provider="scenarios" finished-at="2019-09-24T15:29:55Z">
          <params>
            <param index="0">
              <value>
                <![CDATA["Subtraction of Two numbers"]]>
              </value>
            </param>
            <param index="1">
              <value>
                <![CDATA["Arithmetic Operations"]]>
              </value>
            </param>
          </params>
          <reporter-output>
          </reporter-output>
        </test-method> <!-- runScenario -->
        <test-method status="PASS" signature="runScenario(cucumber.api.testng.PickleEventWrapper, cucumber.api.testng.CucumberFeatureWrapper)[pri:0, instance:runners.TestRunner@6574b225]" name="runScenario" duration-ms="1" started-at="2019-09-24T15:29:55Z" description="Runs Cucumber Scenarios" data-provider="scenarios" finished-at="2019-09-24T15:29:55Z">
          <params>
            <param index="0">
              <value>
                <![CDATA["Subtraction of Two numbers"]]>
              </value>
            </param>
            <param index="1">
              <value>
                <![CDATA["Arithmetic Operations"]]>
              </value>
            </param>
          </params>
          <reporter-output>
          </reporter-output>
        </test-method> <!-- runScenario -->
        <test-method status="PASS" signature="runScenario(cucumber.api.testng.PickleEventWrapper, cucumber.api.testng.CucumberFeatureWrapper)[pri:0, instance:runners.TestRunner@6574b225]" name="runScenario" duration-ms="1" started-at="2019-09-24T15:29:55Z" description="Runs Cucumber Scenarios" data-provider="scenarios" finished-at="2019-09-24T15:29:55Z">
          <params>
            <param index="0">
              <value>
                <![CDATA["Subtraction of Two numbers"]]>
              </value>
            </param>
            <param index="1">
              <value>
                <![CDATA["Arithmetic Operations"]]>
              </value>
            </param>
          </params>
          <reporter-output>
          </reporter-output>
        </test-method> <!-- runScenario -->
        <test-method status="PASS" signature="runScenario(cucumber.api.testng.PickleEventWrapper, cucumber.api.testng.CucumberFeatureWrapper)[pri:0, instance:runners.TestRunner@6574b225]" name="runScenario" duration-ms="4" started-at="2019-09-24T15:29:55Z" description="Runs Cucumber Scenarios" data-provider="scenarios" finished-at="2019-09-24T15:29:55Z">
          <params>
            <param index="0">
              <value>
                <![CDATA["Multiplication of Two numbers"]]>
              </value>
            </param>
            <param index="1">
              <value>
                <![CDATA["Arithmetic Operations"]]>
              </value>
            </param>
          </params>
          <reporter-output>
          </reporter-output>
        </test-method> <!-- runScenario -->
        <test-method status="PASS" signature="runScenario(cucumber.api.testng.PickleEventWrapper, cucumber.api.testng.CucumberFeatureWrapper)[pri:0, instance:runners.TestRunner@6574b225]" name="runScenario" duration-ms="1" started-at="2019-09-24T15:29:55Z" description="Runs Cucumber Scenarios" data-provider="scenarios" finished-at="2019-09-24T15:29:55Z">
          <params>
            <param index="0">
              <value>
                <![CDATA["Multiplication of Two numbers"]]>
              </value>
            </param>
            <param index="1">
              <value>
                <![CDATA["Arithmetic Operations"]]>
              </value>
            </param>
          </params>
          <reporter-output>
          </reporter-output>
        </test-method> <!-- runScenario -->
        <test-method status="PASS" signature="runScenario(cucumber.api.testng.PickleEventWrapper, cucumber.api.testng.CucumberFeatureWrapper)[pri:0, instance:runners.TestRunner@6574b225]" name="runScenario" duration-ms="1" started-at="2019-09-24T15:29:55Z" description="Runs Cucumber Scenarios" data-provider="scenarios" finished-at="2019-09-24T15:29:55Z">
          <params>
            <param index="0">
              <value>
                <![CDATA["Multiplication of Two numbers"]]>
              </value>
            </param>
            <param index="1">
              <value>
                <![CDATA["Arithmetic Operations"]]>
              </value>
            </param>
          </params>
          <reporter-output>
          </reporter-output>
        </test-method> <!-- runScenario -->
        <test-method status="PASS" signature="tearDownClass()[pri:0, instance:runners.TestRunner@6574b225]" name="tearDownClass" is-config="true" duration-ms="249" started-at="2019-09-24T15:29:55Z" finished-at="2019-09-24T15:29:56Z">
          <reporter-output>
          </reporter-output>
        </test-method> <!-- tearDownClass -->
      </class> <!-- runners.TestRunner -->
    </test> <!-- Test -->
  </suite> <!-- Sanity Suite -->
</testng-results>
